Top 10 Chief Complaint and Diagnosis FEB 2023.csv
Top 10 Chief Complaint and Diagnosis MARCH 2023.csv
TOP 10 LEADING APRIL 2023.csv
TOP 10 LEADING APRIL 2024.csv
TOP 10 LEADING AUGUST 2023.csv
TOP 10 LEADING AUGUST 2024.csv
TOP 10 LEADING DEC 2024.csv
TOP 10 LEADING DECEMBER 2023.csv
TOP 10 LEADING FEB 2024.csv
TOP 10 LEADING JAN 2024.csv
TOP 10 LEADING JULY 2023.csv
TOP 10 LEADING JULY 2024.csv
TOP 10 LEADING JUNE 2023.csv
TOP 10 LEADING JUNE 2024.csv
TOP 10 LEADING MARCH 2024.csv
TOP 10 LEADING MAY 2024 (1).csv
TOP 10 LEADING NOV 2024.csv
TOP 10 LEADING NOVEMBER 2023.csv
TOP 10 LEADING OCTOBER 2023.csv
TOP 10 LEADING OCTOBER 2024 .csv
TOP 10 LEADING SEPTEMBER 2023.csv
TOP 10 LEADING SEPTEMBER 2024.csv
